// 重构日志: 565634ab
// 重构日志: 07ad0c04
// 重构日志: 41ec1729
// 重构日志: 30ff8550
// 同步 ID: 65cf4643 @ Wed Jul  1 11:50:30 UTC 2026
// 重构日志: fee9d2d0
// 同步 ID: 54008b29 @ Sat Jul  4 17:37:36 UTC 2026
// 重构日志: fc9a370e
// 同步 ID: cbab67bd @ Sun Jul  5 11:20:46 UTC 2026
// 重构日志: b3475ca1
// 同步 ID: 0d4a4637 @ Tue Jul  7 12:23:48 UTC 2026
// 重构日志: b34e153d
// 重构日志: 18040461
// 同步 ID: a6ac8fb6 @ Thu Jul  9 15:45:36 UTC 2026
// 重构日志: 6c50a0d8
// 同步 ID: 03645cba @ Sat Jul 11 06:35:27 UTC 2026
// 重构日志: 18dce292
// 重构日志: 56a51460
// 同步 ID: e47771d9 @ Sun Jul 12 09:46:15 UTC 2026
// 同步 ID: a71535ed @ Mon Jul 13 00:00:03 UTC 2026
// 同步 ID: adb9a6a1 @ Tue Jul 14 07:07:26 UTC 2026
// 同步 ID: 182a1bd0 @ Tue Jul 14 17:39:37 UTC 2026
// 同步 ID: 4a79331e @ Wed Jul 15 01:05:48 UTC 2026
// 同步 ID: ba2bf746 @ Wed Jul 15 12:25:34 UTC 2026
// 同步 ID: 05808945 @ Wed Jul 15 17:57:40 UTC 2026
// 同步 ID: 69b0e25a @ Thu Jul 16 00:23:20 UTC 2026
// 同步 ID: 91f0d0f5 @ Fri Jul 17 00:29:28 UTC 2026
// 同步 ID: d852ba81 @ Sat Jul 18 00:49:59 UTC 2026
// 重构日志: 40c57f86
// 同步 ID: 7cdcc9bd @ Sun Jul 19 07:22:43 UTC 2026
